<?xml version="1.0" encoding="UTF-8"?>
<!-- Generated by org.testng.reporters.JUnitXMLReporter -->
<testsuite ignored="10" hostname="LAPTOP-E2KT3BQR" failures="1" tests="1" name="Test" time="13.354" errors="0" timestamp="2024-01-25T09:11:22 IST">
  <testcase classname="AmazonTestCases.Testcases" name="windowHandlingTc03" time="9.995">
    <failure type="org.openqa.selenium.NoSuchElementException" message="no such element: Unable to locate element: {&amp;quot;method&amp;quot;:&amp;quot;xpath&amp;quot;,&amp;quot;selector&amp;quot;:&amp;quot;//span[text()=&amp;apos;iPhone 15 Pro Max (256 GB) - Blue Titanium&amp;apos;]&amp;quot;}
  (Session info: chrome=120.0.6099.225)
For documentation on this error, please visit: https://www.selenium.dev/documentation/webdriver/troubleshooting/errors#no-such-element-exception
Build info: version: &amp;apos;4.16.0&amp;apos;, revision: &amp;apos;15400459dd*&amp;apos;
System info: os.name: &amp;apos;Windows 11&amp;apos;, os.arch: &amp;apos;amd64&amp;apos;, os.version: &amp;apos;10.0&amp;apos;, java.version: &amp;apos;20.0.1&amp;apos;
Driver info: org.openqa.selenium.chrome.ChromeDriver
Command: [122b6cb4d2837d4a6b0fc5a2d12988bb, findElement {using=xpath, value=//span[text()=&amp;apos;iPhone 15 Pro Max (256 GB) - Blue Titanium&amp;apos;]}]
Capabilities {acceptInsecureCerts: false, browserName: chrome, browserVersion: 120.0.6099.225, chrome: {chromedriverVersion: 120.0.6099.109 (3419140ab66..., userDataDir: C:\Users\anagh\AppData\Loca...}, fedcm:accounts: true, goog:chromeOptions: {debuggerAddress: localhost:51854}, networkConnectionEnabled: false, pageLoadStrategy: normal, platformName: windows, proxy: Proxy(), se:cdp: ws://localhost:51854/devtoo..., se:cdpVersion: 120.0.6099.225, setWindowRect: true, strictFileInteractability: false, timeouts: {implicit: 0, pageLoad: 300000, script: 30000}, unhandledPromptBehavior: dismiss and notify, webauthn:extension:credBlob: true, webauthn:extension:largeBlob: true, webauthn:extension:minPinLength: true, webauthn:extension:prf: true, webauthn:virtualAuthenticators: true}
Session ID: 122b6cb4d2837d4a6b0fc5a2d12988bb">
      <![CDATA[org.openqa.selenium.NoSuchElementException: no such element: Unable to locate element: {"method":"xpath","selector":"//span[text()='iPhone 15 Pro Max (256 GB) - Blue Titanium']"}
  (Session info: chrome=120.0.6099.225)
For documentation on this error, please visit: https://www.selenium.dev/documentation/webdriver/troubleshooting/errors#no-such-element-exception
Build info: version: '4.16.0', revision: '15400459dd*'
System info: os.name: 'Windows 11', os.arch: 'amd64', os.version: '10.0', java.version: '20.0.1'
Driver info: org.openqa.selenium.chrome.ChromeDriver
Command: [122b6cb4d2837d4a6b0fc5a2d12988bb, findElement {using=xpath, value=//span[text()='iPhone 15 Pro Max (256 GB) - Blue Titanium']}]
Capabilities {acceptInsecureCerts: false, browserName: chrome, browserVersion: 120.0.6099.225, chrome: {chromedriverVersion: 120.0.6099.109 (3419140ab66..., userDataDir: C:\Users\anagh\AppData\Loca...}, fedcm:accounts: true, goog:chromeOptions: {debuggerAddress: localhost:51854}, networkConnectionEnabled: false, pageLoadStrategy: normal, platformName: windows, proxy: Proxy(), se:cdp: ws://localhost:51854/devtoo..., se:cdpVersion: 120.0.6099.225, setWindowRect: true, strictFileInteractability: false, timeouts: {implicit: 0, pageLoad: 300000, script: 30000}, unhandledPromptBehavior: dismiss and notify, webauthn:extension:credBlob: true, webauthn:extension:largeBlob: true, webauthn:extension:minPinLength: true, webauthn:extension:prf: true, webauthn:virtualAuthenticators: true}
Session ID: 122b6cb4d2837d4a6b0fc5a2d12988bb
at org.openqa.selenium.remote.codec.w3c.W3CHttpResponseCodec.createException(W3CHttpResponseCodec.java:200)
at org.openqa.selenium.remote.codec.w3c.W3CHttpResponseCodec.decode(W3CHttpResponseCodec.java:133)
at org.openqa.selenium.remote.codec.w3c.W3CHttpResponseCodec.decode(W3CHttpResponseCodec.java:52)
at org.openqa.selenium.remote.HttpCommandExecutor.execute(HttpCommandExecutor.java:191)
at org.openqa.selenium.remote.service.DriverCommandExecutor.invokeExecute(DriverCommandExecutor.java:200)
at org.openqa.selenium.remote.service.DriverCommandExecutor.execute(DriverCommandExecutor.java:175)
at org.openqa.selenium.remote.RemoteWebDriver.execute(RemoteWebDriver.java:523)
at org.openqa.selenium.remote.ElementLocation$ElementFinder$2.findElement(ElementLocation.java:165)
at org.openqa.selenium.remote.ElementLocation.findElement(ElementLocation.java:59)
at org.openqa.selenium.remote.RemoteWebDriver.findElement(RemoteWebDriver.java:360)
at org.openqa.selenium.remote.RemoteWebDriver.findElement(RemoteWebDriver.java:354)
at PageClasses.AmazonProductListingPage.clickOnProduct(AmazonProductListingPage.java:32)
at AmazonTestCases.Testcases.windowHandlingTc03(Testcases.java:201)
at java.base/java.util.ArrayList.forEach(ArrayList.java:1511)
... Removed 28 stack frames]]>
    </failure>
  </testcase> <!-- windowHandlingTc03 -->
  <testcase classname="AmazonTestCases.Testcases" name="iframeSample" time="0.0">
    <ignored/>
  </testcase> <!-- iframeSample -->
  <testcase classname="AmazonTestCases.Testcases" name="alertsInSelenium" time="0.0">
    <ignored/>
  </testcase> <!-- alertsInSelenium -->
  <testcase classname="AmazonTestCases.Testcases" name="handlingTables" time="0.0">
    <ignored/>
  </testcase> <!-- handlingTables -->
  <testcase classname="AmazonTestCases.Testcases" name="fileUpload" time="0.0">
    <ignored/>
  </testcase> <!-- fileUpload -->
  <testcase classname="AmazonTestCases.Testcases" name="handlingScrollbar" time="0.0">
    <ignored/>
  </testcase> <!-- handlingScrollbar -->
  <testcase classname="AmazonTestCases.Testcases" name="drag_Drop_Tc02" time="0.0">
    <ignored/>
  </testcase> <!-- drag_Drop_Tc02 -->
  <testcase classname="AmazonTestCases.Testcases" name="tc04" time="0.0">
    <ignored/>
  </testcase> <!-- tc04 -->
  <testcase classname="AmazonTestCases.Testcases" name="addItemflipcart" time="0.0">
    <ignored/>
  </testcase> <!-- addItemflipcart -->
  <testcase classname="AmazonTestCases.Testcases" name="tc01" time="0.0">
    <ignored/>
  </testcase> <!-- tc01 -->
  <testcase classname="AmazonTestCases.Testcases" name="loginScenario" time="0.0">
    <ignored/>
  </testcase> <!-- loginScenario -->
</testsuite> <!-- Test -->
